<?xml version="1.0" encoding="UTF-8"?>
<!-- Generated by org.testng.reporters.JUnitReportReporter -->
<testsuite hostname="DESKTOP-A3LSORJ" failures="0" tests="9" name="test_runners.CucumberTestRunner" time="152.214" errors="0" timestamp="2024-10-10T19:42:26 BDT" skipped="0">
  <testcase classname="test_runners.CucumberTestRunner" name="runScenario" time="10.166"/>
  <testcase classname="test_runners.CucumberTestRunner" name="runScenario" time="8.409"/>
  <testcase classname="test_runners.CucumberTestRunner" name="runScenario" time="11.676"/>
  <testcase classname="test_runners.CucumberTestRunner" name="runScenario" time="76.304"/>
  <testcase classname="test_runners.CucumberTestRunner" name="runScenario" time="3.230"/>
  <testcase classname="test_runners.CucumberTestRunner" name="runScenario" time="5.400"/>
  <testcase classname="test_runners.CucumberTestRunner" name="runScenario" time="15.566"/>
  <testcase classname="test_runners.CucumberTestRunner" name="runScenario" time="14.506"/>
  <testcase classname="test_runners.CucumberTestRunner" name="runScenario" time="6.957"/>
</testsuite> <!-- test_runners.CucumberTestRunner -->
